<?xml version="1.0" encoding="UTF-8"?>
<!-- Generated by org.testng.reporters.JUnitXMLReporter -->
<testsuite ignored="4" hostname="SHUBHAMsLaptop" failures="0" tests="2" name="Test1" time="0.07" errors="0" timestamp="2022-06-02T15:19:16 IST">
  <testcase classname="testNG.NewTest1" name="singup" time="0.008"/>
  <testcase classname="testNG.NewTest2" name="name" time="0.0"/>
  <testcase classname="testNG.NewTest2" name="nameFather" time="0.0">
    <ignored/>
  </testcase> <!-- nameFather -->
  <testcase classname="testNG.NewTest2" name="nameSurname" time="0.0">
    <ignored/>
  </testcase> <!-- nameSurname -->
  <testcase classname="testNG.NewTest1" name="logout" time="0.0">
    <ignored/>
  </testcase> <!-- logout -->
  <testcase classname="testNG.NewTest1" name="login" time="0.0">
    <ignored/>
  </testcase> <!-- login -->
</testsuite> <!-- Test1 -->
