<?xml version="1.0" encoding="UTF-8"?>
<!-- Generated by org.testng.reporters.JUnitXMLReporter -->
<testsuite ignored="0" hostname="SHUBHAMsLaptop" failures="0" tests="6" name="Test2" time="0.017" errors="0" timestamp="2022-06-02T15:12:42 IST">
  <testcase classname="testNG.NewTest1" name="login" time="0.001"/>
  <testcase classname="testNG.NewTest1" name="logout" time="0.001"/>
  <testcase classname="testNG.NewTest1" name="singup" time="0.001"/>
  <testcase classname="testNG.NewTest2" name="name" time="0.001"/>
  <testcase classname="testNG.NewTest2" name="nameFather" time="0.001"/>
  <testcase classname="testNG.NewTest2" name="nameSurname" time="0.001"/>
</testsuite> <!-- Test2 -->
